1571557537578:echo 1 2 3
1571557540998:quit
1571559008343:add
1571559017997:echo
1571559028458:stacktrace
1571559036211:add 1
1571559041011:echo 1 2 3
1571559044781:quit
1571561785484:help
1571561800163:add aaa
1571561805195:add "aaa"
1571561821867:add 213
1571561831298:add 1111
1571561837334:add 'aaa\n'
1571561844938:add 'aaa'
1571561853358:add "aaa"
1571561861954:quit
1571561923852:add
1571561930499:quit
1571561981676:sum
1571561988235:stacktrace
1571561998878:add
1571562003539:help
1571562067970:quit
1571562149299:help
1571562172829:quit
1571562180916:help
1571562202747:quit
1571562324259:help
1571562330686:exit
1571562384412:help
1571562401219:quit
1571568251132:help
1571568260131:sum
1571568267498:help
1571568309519:quit
1571568326867:help
1571568350291:quit
1571568394896:help
1571568405851:quit
1571568430308:help
1571568440158:quit
1571568459339:help
1571568463162:sum
1571568472207:quit
1571661903345:хулз
1571661904993:help
1571661908196:sum
1571661910861:echo
1571661917420:echo -a 1
1571661921440:stacktrace
